<?xml version="1.0" encoding="UTF-8"?>
<!-- Generated by org.testng.reporters.JUnitReportReporter -->
<testsuite hostname="DESKTOP-5RBRUCO" failures="0" tests="2" name="LumaRunner.LumaWomenRunner" time="33.382" errors="0" timestamp="2024-11-23T07:45:50 IST" skipped="0">
  <testcase classname="LumaRunner.LumaWomenRunner" name="lumawomen_loginpage" time="11.682"/>
  <system-out/>
  <testcase classname="LumaRunner.LumaWomenRunner" name="checkout" time="21.700"/>
  <system-out/>
</testsuite> <!-- LumaRunner.LumaWomenRunner -->
